<?xml version="1.0" encoding="UTF-8"?>
<!-- Generated by org.testng.reporters.JUnitReportReporter -->
<testsuite hostname="Alawis-MBP.askey.com" failures="0" tests="1" name="CompanyN.FirstMavenProject.AnnotationT" time="3.102" errors="0" timestamp="2022-11-16T21:37:43 EST" skipped="0">
  <testcase classname="CompanyN.FirstMavenProject.AnnotationT" name="test2" time="3.102"/>
  <system-out/>
</testsuite> <!-- CompanyN.FirstMavenProject.AnnotationT -->
